<?xml version="1.0" encoding="UTF-8"?>
<!-- Generated by org.testng.reporters.JUnitReportReporter -->
<testsuite hostname="GOPIKA" failures="0" tests="1" name="PracticeDataDrivenTesting.ReadDataFromTestNGXmlTest" time="0.014" errors="0" timestamp="2024-07-23T16:49:54 IST" skipped="0">
  <testcase classname="PracticeDataDrivenTesting.ReadDataFromTestNGXmlTest" name="sampleTest" time="0.014"/>
  <system-out/>
</testsuite> <!-- PracticeDataDrivenTesting.ReadDataFromTestNGXmlTest -->
