<?xml version="1.0" encoding="UTF-8"?>
<!-- Generated by org.testng.reporters.JUnitReportReporter -->
<testsuite hostname="GOPIKA" failures="0" tests="1" name="PracticeDataDrivenTesting.SampleTestjdbc" time="5.252" errors="0" timestamp="2024-07-25T14:42:41 IST" skipped="0">
  <testcase classname="PracticeDataDrivenTesting.SampleTestjdbc" name="Projectcheck" time="5.252"/>
  <system-out/>
</testsuite> <!-- PracticeDataDrivenTesting.SampleTestjdbc -->
