<?xml version="1.0" encoding="UTF-8"?>
<!-- Generated by org.testng.reporters.JUnitReportReporter -->
<testsuite hostname="GOPIKA" failures="0" tests="1" name="PracticeDataDrivenTesting.ReadDataFromXmlFileCreateOrg" time="13.925" errors="0" timestamp="2024-07-24T10:27:40 IST" skipped="0">
  <testcase classname="PracticeDataDrivenTesting.ReadDataFromXmlFileCreateOrg" name="createOrgtest" time="13.925"/>
  <system-out/>
</testsuite> <!-- PracticeDataDrivenTesting.ReadDataFromXmlFileCreateOrg -->
