<?xml version="1.0" encoding="UTF-8"?>
<!-- Generated by org.testng.reporters.JUnitReportReporter -->
<testsuite hostname="GOPIKA" failures="0" tests="1" name="practice.reponseValidation.VerifyTimeResponseTest" time="1.797" errors="0" timestamp="2024-09-12T16:49:42 IST" skipped="0">
  <testcase classname="practice.reponseValidation.VerifyTimeResponseTest" name="verifyHeader" time="1.797"/>
</testsuite> <!-- practice.reponseValidation.VerifyTimeResponseTest -->
