<?xml version="1.0" encoding="UTF-8"?>
<!-- Generated by org.testng.reporters.JUnitReportReporter -->
<testsuite hostname="GOPIKA" failures="0" tests="1" name="practice.reponseValidation.VerifyResponseTimeTest" time="1.855" errors="0" timestamp="2024-09-11T11:32:26 IST" skipped="0">
  <testcase classname="practice.reponseValidation.VerifyResponseTimeTest" name="verifyHeader" time="1.855"/>
</testsuite> <!-- practice.reponseValidation.VerifyResponseTimeTest -->
