<?xml version="1.0" encoding="UTF-8"?>
<!-- Generated by org.testng.reporters.JUnitReportReporter -->
<testsuite hostname="GOPIKA" failures="0" tests="1" name="sample.SampleTest" time="2.249" errors="0" timestamp="2024-09-05T17:21:24 IST" skipped="0">
  <testcase classname="sample.SampleTest" name="sampleGetReqTest" time="2.249"/>
</testsuite> <!-- sample.SampleTest -->
