<?xml version="1.0" encoding="UTF-8"?>
<!-- Generated by org.testng.reporters.JUnitReportReporter -->
<testsuite hostname="GOPIKA" failures="0" tests="1" name="reqChaining.Scenario_1DeleteProject" time="3.700" errors="0" timestamp="2024-09-11T16:29:53 IST" skipped="0">
  <testcase classname="reqChaining.Scenario_1DeleteProject" name="postDataIntoServer" time="3.700"/>
</testsuite> <!-- reqChaining.Scenario_1DeleteProject -->
