<?xml version="1.0" encoding="UTF-8"?>
<!-- Generated by org.testng.reporters.JUnitReportReporter -->
<testsuite hostname="GOPIKA" failures="0" tests="1" name="practice.reponseValidation.VerifyResponseBody" time="2.432" errors="0" timestamp="2024-09-12T16:46:39 IST" skipped="0">
  <testcase classname="practice.reponseValidation.VerifyResponseBody" name="verifyBody" time="2.432"/>
</testsuite> <!-- practice.reponseValidation.VerifyResponseBody -->
