<?xml version="1.0" encoding="UTF-8"?>
<!-- Generated by org.testng.reporters.JUnitReportReporter -->
<testsuite hostname="GOPIKA" failures="0" tests="1" name="practice.reponseValidation.VerifyResponseHeaderTest" time="1.927" errors="0" timestamp="2024-09-11T11:16:11 IST" skipped="0">
  <testcase classname="practice.reponseValidation.VerifyResponseHeaderTest" name="verifyHeader" time="1.927"/>
</testsuite> <!-- practice.reponseValidation.VerifyResponseHeaderTest -->
