<?xml version="1.0" encoding="UTF-8"?>
<!-- Generated by org.testng.reporters.JUnitReportReporter -->
<testsuite hostname="GOPIKA" failures="0" tests="1" name="encryption.EncodeAndDecodeTest" time="0.016" errors="0" timestamp="2024-09-13T10:18:04 IST" skipped="0">
  <testcase classname="encryption.EncodeAndDecodeTest" name="encodingAndDecodingData" time="0.016"/>
</testsuite> <!-- encryption.EncodeAndDecodeTest -->
