<?xml version="1.0" encoding="UTF-8"?>
<!-- Generated by org.testng.reporters.JUnitReportReporter -->
<testsuite hostname="GOPIKA" failures="0" tests="1" name="practice.SampleTestUsingMthdChainingTest" time="1.995" errors="0" timestamp="2024-09-06T10:44:12 IST" skipped="0">
  <testcase classname="practice.SampleTestUsingMthdChainingTest" name="request" time="1.995"/>
</testsuite> <!-- practice.SampleTestUsingMthdChainingTest -->
