<?xml version="1.0" encoding="UTF-8"?>
<!-- Generated by org.testng.reporters.JUnitReportReporter -->
<testsuite hostname="GOPIKA" failures="0" tests="1" name="com.sample.crud.withBDD.copy.SampleTestForPatchTest" time="1.851" errors="0" timestamp="2024-09-10T10:28:44 IST" skipped="0">
  <testcase classname="com.sample.crud.withBDD.copy.SampleTestForPatchTest" name="postDataIntoServer" time="1.851"/>
</testsuite> <!-- com.sample.crud.withBDD.copy.SampleTestForPatchTest -->
