<?xml version="1.0" encoding="UTF-8"?>
<!-- Generated by org.testng.reporters.JUnitReportReporter -->
<testsuite hostname="GOPIKA" failures="0" tests="1" name="authorization.OauthToken" time="2.553" errors="0" timestamp="2024-09-12T16:38:00 IST" skipped="0">
  <testcase classname="authorization.OauthToken" name="sample" time="2.553"/>
</testsuite> <!-- authorization.OauthToken -->
