<?xml version="1.0" encoding="UTF-8"?>
<!-- Generated by org.testng.reporters.JUnitReportReporter -->
<testsuite hostname="GOPIKA" failures="0" tests="1" name="typesOfParameters.ParmParam" time="2.062" errors="0" timestamp="2024-09-12T12:45:50 IST" skipped="0">
  <testcase classname="typesOfParameters.ParmParam" name="parmParameter" time="2.062"/>
</testsuite> <!-- typesOfParameters.ParmParam -->
