<?xml version="1.0" encoding="UTF-8"?>
<!-- Generated by org.testng.reporters.JUnitReportReporter -->
<testsuite hostname="GOPIKA" failures="0" tests="1" name="authorization.BasicAuthTest" time="1.863" errors="0" timestamp="2024-09-12T16:30:28 IST" skipped="0">
  <testcase classname="authorization.BasicAuthTest" name="basicAuth" time="1.863"/>
</testsuite> <!-- authorization.BasicAuthTest -->
