<?xml version="1.0" encoding="UTF-8"?>
<!-- Generated by org.testng.reporters.JUnitReportReporter -->
<testsuite hostname="GOPIKA" failures="0" tests="1" name="typesOfParameters.FormParam" time="2.329" errors="0" timestamp="2024-09-13T09:39:15 IST" skipped="0">
  <testcase classname="typesOfParameters.FormParam" name="formParameter" time="2.329"/>
</testsuite> <!-- typesOfParameters.FormParam -->
