<?xml version="1.0" encoding="UTF-8"?>
<!-- Generated by org.testng.reporters.JUnitReportReporter -->
<testsuite hostname="GOPIKA" failures="0" tests="1" name="panCardMock.PaymentTest" time="1.945" errors="0" timestamp="2024-09-17T12:19:04 IST" skipped="0">
  <testcase classname="panCardMock.PaymentTest" name="sampleTest" time="1.945"/>
</testsuite> <!-- panCardMock.PaymentTest -->
