<?xml version="1.0" encoding="UTF-8"?>
<!-- Generated by org.testng.reporters.JUnitReportReporter -->
<testsuite hostname="GOPIKA" failures="0" tests="1" name="encryption.UpdatePayrollInfoViaASEEncryption" time="1.701" errors="0" timestamp="2024-09-13T13:16:27 IST" skipped="0">
  <testcase classname="encryption.UpdatePayrollInfoViaASEEncryption" name="SampleTest" time="1.701"/>
</testsuite> <!-- encryption.UpdatePayrollInfoViaASEEncryption -->
