<?xml version="1.0" encoding="UTF-8"?>
<!-- Generated by org.testng.reporters.JUnitReportReporter -->
<testsuite hostname="GOPIKA" failures="0" tests="1" name="reqChaining.Nimbbl" time="3.008" errors="0" timestamp="2024-09-12T11:24:01 IST" skipped="0">
  <testcase classname="reqChaining.Nimbbl" name="payment" time="3.008"/>
</testsuite> <!-- reqChaining.Nimbbl -->
