<?xml version="1.0" encoding="UTF-8"?>
<!-- Generated by org.testng.reporters.JUnitReportReporter -->
<testsuite hostname="GOPIKA" failures="0" tests="1" name="com.sample.crud.withoutBDD.SampleTestForReadTest" time="3.876" errors="0" timestamp="2024-09-10T10:34:06 IST" skipped="0">
  <testcase classname="com.sample.crud.withoutBDD.SampleTestForReadTest" name="getDataFromServer" time="3.876"/>
</testsuite> <!-- com.sample.crud.withoutBDD.SampleTestForReadTest -->
