<?xml version="1.0" encoding="UTF-8"?>
<!-- Generated by org.testng.reporters.JUnitReportReporter -->
<testsuite hostname="GOPIKA" failures="0" tests="1" name="com.sample.crud.withoutBDD.SampleTestForPatchTest" time="2.015" errors="0" timestamp="2024-09-10T10:36:32 IST" skipped="0">
  <testcase classname="com.sample.crud.withoutBDD.SampleTestForPatchTest" name="postDataIntoServer" time="2.015"/>
</testsuite> <!-- com.sample.crud.withoutBDD.SampleTestForPatchTest -->
