<?xml version="1.0" encoding="UTF-8"?>
<!-- Generated by org.testng.reporters.JUnitReportReporter -->
<testsuite hostname="GOPIKA" failures="0" tests="1" name="practice.reponseValidation.VerifyHeaderResponseTest" time="3.823" errors="0" timestamp="2024-09-15T22:13:44 IST" skipped="0">
  <testcase classname="practice.reponseValidation.VerifyHeaderResponseTest" name="verifyHeader" time="3.823"/>
</testsuite> <!-- practice.reponseValidation.VerifyHeaderResponseTest -->
