<?xml version="1.0" encoding="UTF-8"?>
<!-- Generated by org.testng.reporters.JUnitReportReporter -->
<testsuite hostname="GOPIKA" failures="0" tests="16" name="ddt.AddMultipleProjectTest" time="2.180" errors="0" timestamp="2024-09-13T16:15:05 IST" skipped="0">
  <testcase classname="ddt.AddMultipleProjectTest" name="sampleTest" time="0.051"/>
  <testcase classname="ddt.AddMultipleProjectTest" name="sampleTest" time="1.515"/>
  <testcase classname="ddt.AddMultipleProjectTest" name="sampleTest" time="0.042"/>
  <testcase classname="ddt.AddMultipleProjectTest" name="sampleTest" time="0.050"/>
  <testcase classname="ddt.AddMultipleProjectTest" name="sampleTest" time="0.052"/>
  <testcase classname="ddt.AddMultipleProjectTest" name="sampleTest" time="0.041"/>
  <testcase classname="ddt.AddMultipleProjectTest" name="sampleTest" time="0.034"/>
  <testcase classname="ddt.AddMultipleProjectTest" name="sampleTest" time="0.047"/>
  <testcase classname="ddt.AddMultipleProjectTest" name="sampleTest" time="0.042"/>
  <testcase classname="ddt.AddMultipleProjectTest" name="sampleTest" time="0.035"/>
  <testcase classname="ddt.AddMultipleProjectTest" name="sampleTest" time="0.049"/>
  <testcase classname="ddt.AddMultipleProjectTest" name="sampleTest" time="0.048"/>
  <testcase classname="ddt.AddMultipleProjectTest" name="sampleTest" time="0.048"/>
  <testcase classname="ddt.AddMultipleProjectTest" name="sampleTest" time="0.047"/>
  <testcase classname="ddt.AddMultipleProjectTest" name="sampleTest" time="0.044"/>
  <testcase classname="ddt.AddMultipleProjectTest" name="sampleTest" time="0.035"/>
</testsuite> <!-- ddt.AddMultipleProjectTest -->
