<?xml version="1.0" encoding="UTF-8"?>
<!-- Generated by org.testng.reporters.JUnitReportReporter -->
<testsuite hostname="GOPIKA" failures="0" tests="1" name="com.sample.crud.withoutBDD.SampleTestForCreateTest" time="1.964" errors="0" timestamp="2024-09-10T10:38:28 IST" skipped="0">
  <testcase classname="com.sample.crud.withoutBDD.SampleTestForCreateTest" name="postDataIntoServer" time="1.964"/>
</testsuite> <!-- com.sample.crud.withoutBDD.SampleTestForCreateTest -->
