<?xml version="1.0" encoding="UTF-8"?>
<!-- Generated by org.testng.reporters.JUnitReportReporter -->
<testsuite hostname="GOPIKA" failures="0" tests="1" name="typesOfParameters.PathParam" time="31.612" errors="0" timestamp="2024-09-12T13:17:47 IST" skipped="0">
  <testcase classname="typesOfParameters.PathParam" name="pathParameter" time="31.612"/>
</testsuite> <!-- typesOfParameters.PathParam -->
