<?xml version="1.0" encoding="UTF-8"?>
<!-- Generated by org.testng.reporters.JUnitReportReporter -->
<testsuite hostname="GOPIKA" failures="0" tests="1" name="sample.Run" time="0.016" errors="0" timestamp="2024-09-06T10:30:35 IST" skipped="0">
  <testcase classname="sample.Run" name="sampleTest" time="0.016"/>
</testsuite> <!-- sample.Run -->
