<?xml version="1.0" encoding="UTF-8"?>
<!-- Generated by org.testng.reporters.JUnitReportReporter -->
<testsuite hostname="GOPIKA" failures="0" tests="1" name="reqChaining.Scenario_3getPayrollInfo" time="3.165" errors="0" timestamp="2024-09-11T17:25:47 IST" skipped="0">
  <testcase classname="reqChaining.Scenario_3getPayrollInfo" name="sampleTest" time="3.165"/>
</testsuite> <!-- reqChaining.Scenario_3getPayrollInfo -->
