<?xml version="1.0" encoding="UTF-8"?>
<!-- Generated by org.testng.reporters.JUnitReportReporter -->
<testsuite hostname="GOPIKA" failures="0" tests="1" name="com.sample.crud.withoutBDD.SampleTestForDeleteTest" time="2.007" errors="0" timestamp="2024-09-10T10:38:53 IST" skipped="0">
  <testcase classname="com.sample.crud.withoutBDD.SampleTestForDeleteTest" name="getDataFromServer" time="2.007"/>
</testsuite> <!-- com.sample.crud.withoutBDD.SampleTestForDeleteTest -->
