<?xml version="1.0" encoding="UTF-8"?>
<!-- Generated by org.testng.reporters.JUnitReportReporter -->
<testsuite hostname="GOPIKA" failures="0" tests="1" name="reqChaining.Scenario_2AddEmpToProject" time="4.308" errors="0" timestamp="2024-09-11T16:52:23 IST" skipped="0">
  <testcase classname="reqChaining.Scenario_2AddEmpToProject" name="postDataIntoServer" time="4.308"/>
</testsuite> <!-- reqChaining.Scenario_2AddEmpToProject -->
