<?xml version="1.0" encoding="UTF-8"?>
<!-- Generated by org.testng.reporters.JUnitReportReporter -->
<testsuite hostname="GOPIKA" failures="0" tests="1" name="encryption.AESEncrypTest" time="0.067" errors="0" timestamp="2024-09-13T12:43:11 IST" skipped="0">
  <testcase classname="encryption.AESEncrypTest" name="sampleTest" time="0.067"/>
</testsuite> <!-- encryption.AESEncrypTest -->
